<?xml version="1.0" encoding="UTF-8"?>
<!-- Generated by org.testng.reporters.JUnitReportReporter -->
<testsuite skipped="0" hostname="LAPTOP-3MMNVU13" name="myPackage.shoppingTestRunner" tests="1" failures="0" timestamp="2020-07-13T15:42:56 IST" time="0.340" errors="0">
  <testcase name="feature" time="0.340" classname="myPackage.shoppingTestRunner"/>
  <system-out/>
</testsuite> <!-- myPackage.shoppingTestRunner -->
