<?xml version="1.0" encoding="UTF-8"?>
<!-- Generated by org.testng.reporters.JUnitReportReporter -->
<testsuite skipped="0" hostname="LAPTOP-3MMNVU13" name="myPackage.FinWebTest" tests="3" failures="0" timestamp="2020-07-16T22:09:19 IST" time="288.687" errors="0">
  <testcase name="registerMe" time="70.563" classname="myPackage.FinWebTest"/>
  <system-out/>
  <testcase name="LoginMe" time="146.396" classname="myPackage.FinWebTest"/>
  <system-out/>
  <testcase name="Search_add_to_cart" time="71.728" classname="myPackage.FinWebTest"/>
  <system-out/>
</testsuite> <!-- myPackage.FinWebTest -->
